<?xml version="1.0" encoding="UTF-8"?>
<testng-results ignored="0" total="1" passed="1" failed="0" skipped="0">
  <reporter-output>
  </reporter-output>
  <suite started-at="2022-08-11T12:52:15 UTC" name="Suite" finished-at="2022-08-11T12:52:18 UTC" duration-ms="3268">
    <groups>
    </groups>
    <test started-at="2022-08-11T12:52:15 UTC" name="Test" finished-at="2022-08-11T12:52:18 UTC" duration-ms="3268">
      <class name="Tests.WebTest">
        <test-method signature="testGoogleSearchUsingSelenoid()[pri:0, instance:Tests.WebTest@76ed1b7c]" started-at="2022-08-11T12:52:15 UTC" name="testGoogleSearchUsingSelenoid" finished-at="2022-08-11T12:52:18 UTC" duration-ms="3217" status="PASS">
          <reporter-output>
          </reporter-output>
        </test-method> <!-- testGoogleSearchUsingSelenoid -->
      </class> <!-- Tests.WebTest -->
    </test> <!-- Test -->
  </suite> <!-- Suite -->
</testng-results>
