<?xml version="1.0" encoding="UTF-8"?>
<testng-results ignored="0" total="1" passed="1" failed="0" skipped="0">
  <reporter-output>
  </reporter-output>
  <suite started-at="2022-12-28T08:15:30 UTC" name="Suite" finished-at="2022-12-28T08:15:34 UTC" duration-ms="3114">
    <groups>
    </groups>
    <test started-at="2022-12-28T08:15:30 UTC" name="Test" finished-at="2022-12-28T08:15:34 UTC" duration-ms="3114">
      <class name="Tests.WebTest">
        <test-method signature="testGoogleSearchUsingSelenoid()[pri:0, instance:Tests.WebTest@55740540]" started-at="2022-12-28T08:15:30 UTC" name="testGoogleSearchUsingSelenoid" finished-at="2022-12-28T08:15:33 UTC" duration-ms="3071" status="PASS">
          <reporter-output>
          </reporter-output>
        </test-method> <!-- testGoogleSearchUsingSelenoid -->
      </class> <!-- Tests.WebTest -->
    </test> <!-- Test -->
  </suite> <!-- Suite -->
</testng-results>
