<?xml version="1.0" encoding="UTF-8"?>
<!-- Generated by org.testng.reporters.JUnitXMLReporter -->
<testsuite hostname="srirams-MBP" ignored="0" name="Chrome test" tests="2" failures="0" timestamp="2022-09-12T22:55:43 IST" time="9.663" errors="0">
  <testcase name="test" time="5.859" classname="FrameworkWithoutPageFactoryParallelMethods.TestCaseParallelMethods"/>
  <testcase name="test1" time="6.016" classname="FrameworkWithoutPageFactoryParallelMethods.TestCaseParallelMethods"/>
</testsuite> <!-- Chrome test -->
