<?xml version="1.0" encoding="UTF-8"?>
<!-- Generated by org.testng.reporters.JUnitXMLReporter -->
<testsuite hostname="srirams-MBP" ignored="0" name="Chrome test" tests="4" failures="0" timestamp="2022-09-13T09:01:15 IST" time="11.255" errors="0">
  <testcase name="test1" time="6.963" classname="FrameworkWithoutPageFactoryParallelMethods.TestCaseParallelMethods"/>
  <testcase name="test3" time="6.977" classname="FrameworkWithoutPageFactoryParallelMethods.TestCaseParallelMethods2"/>
  <testcase name="test2" time="7.006" classname="FrameworkWithoutPageFactoryParallelMethods.TestCaseParallelMethods"/>
  <testcase name="test4" time="7.007" classname="FrameworkWithoutPageFactoryParallelMethods.TestCaseParallelMethods2"/>
</testsuite> <!-- Chrome test -->
