<?xml version="1.0" encoding="UTF-8"?>
<!-- Generated by org.testng.reporters.JUnitXMLReporter -->
<testsuite hostname="srirams-MBP" ignored="0" name="Default test" tests="2" failures="0" timestamp="2022-09-12T22:47:14 IST" time="8.17" errors="0">
  <testcase name="test" time="4.942" classname="FrameworkWithoutPageFactoryParallelMethods.TestCaseParallelMethods"/>
  <testcase name="test1" time="4.946" classname="FrameworkWithoutPageFactoryParallelMethods.TestCaseParallelMethods"/>
</testsuite> <!-- Default test -->
