<?xml version="1.0" encoding="UTF-8"?>
<!-- Generated by org.testng.reporters.JUnitXMLReporter -->
<testsuite hostname="srirams-MBP" ignored="0" name="Firefox test" tests="2" failures="0" timestamp="2022-10-21T17:21:07 IST" time="46.837" errors="0">
  <testcase name="test2" time="5.594" classname="FrameworkWithoutPageFactoryParallelMethodsGridExample.TestCaseParallelMethods"/>
  <testcase name="test1" time="4.668" classname="FrameworkWithoutPageFactoryParallelMethodsGridExample.TestCaseParallelMethods"/>
</testsuite> <!-- Firefox test -->
