<?xml version="1.0" encoding="UTF-8"?>
<!-- Generated by org.testng.reporters.JUnitXMLReporter -->
<testsuite hostname="srirams-MBP" ignored="0" name="Firefox test" tests="2" failures="0" timestamp="2022-09-12T22:55:46 IST" time="13.189" errors="0">
  <testcase name="test1" time="7.032" classname="FrameworkWithoutPageFactoryParallelMethods.TestCaseParallelMethods"/>
  <testcase name="test" time="6.965" classname="FrameworkWithoutPageFactoryParallelMethods.TestCaseParallelMethods"/>
</testsuite> <!-- Firefox test -->
