<?xml version="1.0" encoding="UTF-8"?>
<!-- Generated by org.testng.reporters.JUnitXMLReporter -->
<testsuite hostname="srirams-MBP" ignored="0" name="Suite Safari" tests="6" failures="0" timestamp="2022-09-12T12:10:50 IST" time="10.177" errors="0">
  <testcase name="testFacebook" time="1.735" classname="FrameworkWithoutPageFactory.Testcase2continued"/>
  <testcase name="testAmazon" time="2.369" classname="FrameworkWithoutPageFactory.Testcase2"/>
  <testcase name="testLinkedin" time="1.368" classname="FrameworkWithoutPageFactory.Testcase2continued"/>
  <testcase name="testEcommerceNegative" time="5.457" classname="FrameworkWithoutPageFactory.Testcase1"/>
  <testcase name="testGoogle" time="3.46" classname="FrameworkWithoutPageFactory.Testcase2"/>
  <testcase name="testEcommercePositive" time="0.639" classname="FrameworkWithoutPageFactory.Testcase1"/>
</testsuite> <!-- Suite Safari -->
