<?xml version="1.0" encoding="UTF-8"?>
<!-- Generated by org.testng.reporters.JUnitXMLReporter -->
<testsuite hostname="srirams-MBP" ignored="0" name="Suite Chrome" tests="6" failures="0" timestamp="2022-09-12T11:31:03 IST" time="11.755" errors="0">
  <testcase name="testFacebook" time="2.778" classname="FrameworkWithoutPageFactory.Testcase2continued"/>
  <testcase name="testLinkedin" time="1.292" classname="FrameworkWithoutPageFactory.Testcase2continued"/>
  <testcase name="testAmazon" time="4.181" classname="FrameworkWithoutPageFactory.Testcase2"/>
  <testcase name="testEcommerceNegative" time="6.582" classname="FrameworkWithoutPageFactory.Testcase1"/>
  <testcase name="testEcommercePositive" time="1.079" classname="FrameworkWithoutPageFactory.Testcase1"/>
  <testcase name="testGoogle" time="3.744" classname="FrameworkWithoutPageFactory.Testcase2"/>
</testsuite> <!-- Suite Chrome -->
