<?xml version="1.0" encoding="UTF-8"?>
<!-- Generated by org.testng.reporters.JUnitXMLReporter -->
<testsuite hostname="srirams-MBP" ignored="0" name="Suite Firefox" tests="6" failures="0" timestamp="2022-09-12T11:31:07 IST" time="15.807" errors="0">
  <testcase name="testFacebook" time="2.727" classname="FrameworkWithoutPageFactory.Testcase2continued"/>
  <testcase name="testAmazon" time="3.614" classname="FrameworkWithoutPageFactory.Testcase2"/>
  <testcase name="testLinkedin" time="2.892" classname="FrameworkWithoutPageFactory.Testcase2continued"/>
  <testcase name="testEcommerceNegative" time="6.861" classname="FrameworkWithoutPageFactory.Testcase1"/>
  <testcase name="testEcommercePositive" time="0.707" classname="FrameworkWithoutPageFactory.Testcase1"/>
  <testcase name="testGoogle" time="5.074" classname="FrameworkWithoutPageFactory.Testcase2"/>
</testsuite> <!-- Suite Firefox -->
