<?xml version="1.0" encoding="UTF-8"?>
<!-- Generated by org.testng.reporters.JUnitXMLReporter -->
<testsuite hostname="srirams-MBP" ignored="0" name="Suite Chrome" tests="6" failures="0" timestamp="2022-09-12T12:01:31 IST" time="16.44" errors="0">
  <testcase name="testFacebook" time="5.836" classname="FrameworkWithoutPageFactory.Testcase2continued"/>
  <testcase name="testAmazon" time="7.106" classname="FrameworkWithoutPageFactory.Testcase2"/>
  <testcase name="testLinkedin" time="3.018" classname="FrameworkWithoutPageFactory.Testcase2continued"/>
  <testcase name="testEcommerceNegative" time="9.089" classname="FrameworkWithoutPageFactory.Testcase1"/>
  <testcase name="testEcommercePositive" time="1.505" classname="FrameworkWithoutPageFactory.Testcase1"/>
  <testcase name="testGoogle" time="4.061" classname="FrameworkWithoutPageFactory.Testcase2"/>
</testsuite> <!-- Suite Chrome -->
