<?xml version="1.0" encoding="UTF-8"?>
<!-- Generated by org.testng.reporters.JUnitXMLReporter -->
<testsuite hostname="OF011DT3NSMD6NI" ignored="4" tests="0" failures="0" timestamp="2022-04-23T07:13:35 CDT" time="0.012" errors="0">
  <testcase name="reg2" time="0.0" classname="Tests.TestNGGroups">
    <ignored/>
  </testcase> <!-- reg2 -->
  <testcase name="reg1" time="0.0" classname="Tests.TestNGGroups">
    <ignored/>
  </testcase> <!-- reg1 -->
  <testcase name="smoke1" time="0.0" classname="Tests.TestNGGroups">
    <ignored/>
  </testcase> <!-- smoke1 -->
  <testcase name="smoke2" time="0.0" classname="Tests.TestNGGroups">
    <ignored/>
  </testcase> <!-- smoke2 -->
</testsuite>
