<?xml version="1.0" encoding="UTF-8"?>
<!-- Generated by org.testng.reporters.JUnitXMLReporter -->
<testsuite hostname="OF011DT3NSMD6NI" ignored="0" name="Test" tests="3" failures="0" timestamp="2022-01-30T11:07:30 CST" time="11.28" errors="0">
  <testcase name="testOne" time="4.914" classname="SeleniumGridBrowserOptions.One"/>
  <testcase name="testThree" time="4.628" classname="SeleniumGridBrowserOptions.Three"/>
  <testcase name="testTwo" time="5.542" classname="SeleniumGridBrowserOptions.Two"/>
</testsuite> <!-- Test -->
