<?xml version="1.0" encoding="UTF-8"?>
<testng-results ignored="0" total="2" passed="2" failed="0" skipped="0">
  <reporter-output>
  </reporter-output>
  <suite started-at="2022-10-24T14:42:25 GMT" name="Default suite" finished-at="2022-10-24T14:42:50 GMT" duration-ms="25104">
    <groups>
    </groups>
    <test started-at="2022-10-24T14:42:25 GMT" name="Firefox test" finished-at="2022-10-24T14:42:50 GMT" duration-ms="25104">
      <class name="FrameworkWithoutPageFactoryParallelMethodsGridExample.TestCaseParallelMethods">
        <test-method is-config="true" signature="startDriver(java.lang.reflect.Method, java.lang.String)[pri:0, instance:FrameworkWithoutPageFactoryParallelMethodsGridExample.TestCaseParallelMethods@276438c9]" started-at="2022-10-24T14:42:25 GMT" name="startDriver" finished-at="2022-10-24T14:42:41 GMT" duration-ms="16580" status="PASS">
          <params>
            <param index="0">
              <value>
                <![CDATA[public void FrameworkWithoutPageFactoryParallelMethodsGridExample.TestCaseParallelMethods.test2() throws java.lang.Exception]]>
              </value>
            </param>
            <param index="1">
              <value>
                <![CDATA[firefox]]>
              </value>
            </param>
          </params>
          <reporter-output>
          </reporter-output>
        </test-method> <!-- startDriver -->
        <test-method is-config="true" signature="startDriver(java.lang.reflect.Method, java.lang.String)[pri:0, instance:FrameworkWithoutPageFactoryParallelMethodsGridExample.TestCaseParallelMethods@276438c9]" started-at="2022-10-24T14:42:25 GMT" name="startDriver" finished-at="2022-10-24T14:42:39 GMT" duration-ms="14789" status="PASS">
          <params>
            <param index="0">
              <value>
                <![CDATA[public void FrameworkWithoutPageFactoryParallelMethodsGridExample.TestCaseParallelMethods.test1() throws java.lang.Exception]]>
              </value>
            </param>
            <param index="1">
              <value>
                <![CDATA[firefox]]>
              </value>
            </param>
          </params>
          <reporter-output>
          </reporter-output>
        </test-method> <!-- startDriver -->
        <test-method signature="test1()[pri:0, instance:FrameworkWithoutPageFactoryParallelMethodsGridExample.TestCaseParallelMethods@276438c9]" started-at="2022-10-24T14:42:39 GMT" name="test1" finished-at="2022-10-24T14:42:48 GMT" duration-ms="8528" status="PASS">
          <reporter-output>
          </reporter-output>
        </test-method> <!-- test1 -->
        <test-method signature="test2()[pri:0, instance:FrameworkWithoutPageFactoryParallelMethodsGridExample.TestCaseParallelMethods@276438c9]" started-at="2022-10-24T14:42:41 GMT" name="test2" finished-at="2022-10-24T14:42:49 GMT" duration-ms="7565" status="PASS">
          <reporter-output>
          </reporter-output>
        </test-method> <!-- test2 -->
        <test-method is-config="true" signature="stopDriver()[pri:0, instance:FrameworkWithoutPageFactoryParallelMethodsGridExample.TestCaseParallelMethods@276438c9]" started-at="2022-10-24T14:42:48 GMT" name="stopDriver" finished-at="2022-10-24T14:42:49 GMT" duration-ms="1436" status="PASS">
          <reporter-output>
          </reporter-output>
        </test-method> <!-- stopDriver -->
        <test-method is-config="true" signature="stopDriver()[pri:0, instance:FrameworkWithoutPageFactoryParallelMethodsGridExample.TestCaseParallelMethods@276438c9]" started-at="2022-10-24T14:42:49 GMT" name="stopDriver" finished-at="2022-10-24T14:42:50 GMT" duration-ms="937" status="PASS">
          <reporter-output>
          </reporter-output>
        </test-method> <!-- stopDriver -->
      </class> <!-- FrameworkWithoutPageFactoryParallelMethodsGridExample.TestCaseParallelMethods -->
    </test> <!-- Firefox test -->
  </suite> <!-- Default suite -->
</testng-results>
