<?xml version="1.0" encoding="UTF-8"?>
<testng-results skipped="0" failed="0" ignored="0" total="1" passed="1">
  <reporter-output>
  </reporter-output>
  <suite name="Default suite" duration-ms="930" started-at="2022-09-07T11:46:14 IST" finished-at="2022-09-07T11:46:15 IST">
    <groups>
    </groups>
    <test name="Default test" duration-ms="930" started-at="2022-09-07T11:46:14 IST" finished-at="2022-09-07T11:46:15 IST">
      <class name="PDFExamples.NewTest">
        <test-method status="PASS" signature="f()[pri:0, instance:PDFExamples.NewTest@17d0685f]" name="f" duration-ms="901" started-at="2022-09-07T11:46:14 IST" finished-at="2022-09-07T11:46:15 IST">
          <reporter-output>
          </reporter-output>
        </test-method> <!-- f -->
      </class> <!-- PDFExamples.NewTest -->
    </test> <!-- Default test -->
  </suite> <!-- Default suite -->
</testng-results>
