<?xml version="1.0" encoding="UTF-8"?>
<testsuite xmlns:xsi="http://www.w3.org/2001/XMLSchema-instance" xsi:noNamespaceSchemaLocation="https://maven.apache.org/surefire/maven-surefire-plugin/xsd/surefire-test-report-3.0.xsd" version="3.0" name="TestSuite" time="11.279" tests="1" errors="0" skipped="0" failures="1">
  <properties>
[...]
</properties>
  <testcase name="testGoogleSearchUsingSelenoid" classname="Tests.WebTest" time="10.932">
    <failure message="Could not start a new session. Possible causes are invalid address of the remote server or browser start-up failure.&#10;Build info: version: &apos;4.1.0&apos;, revision: &apos;87802e897b&apos;&#10;System info: host: &apos;srirams-MBP&apos;, ip: &apos;fe80:0:0:0:82c:9258:a1c2:8b9%en0&apos;, os.name: &apos;Mac OS X&apos;, os.arch: &apos;x86_64&apos;, os.version: &apos;10.16&apos;, java.version: &apos;1.8.0_171&apos;&#10;Driver info: org.openqa.selenium.remote.RemoteWebDriver&#10;Command: [null, newSession {capabilities=[Capabilities {browserName: chrome}], desiredCapabilities=Capabilities {browserName: chrome, enableVNC: false, enableVideo: false}}]&#10;Capabilities {}" type="org.openqa.selenium.SessionNotCreatedException"><![CDATA[org.openqa.selenium.SessionNotCreatedException: 
Could not start a new session. Possible causes are invalid address of the remote server or browser start-up failure.
Build info: version: '4.1.0', revision: '87802e897b'
System info: host: 'srirams-MBP', ip: 'fe80:0:0:0:82c:9258:a1c2:8b9%en0', os.name: 'Mac OS X', os.arch: 'x86_64', os.version: '10.16', java.version: '1.8.0_171'
Driver info: org.openqa.selenium.remote.RemoteWebDriver
Command: [null, newSession {capabilities=[Capabilities {browserName: chrome}], desiredCapabilities=Capabilities {browserName: chrome, enableVNC: false, enableVideo: false}}]
Capabilities {}
	at Tests.WebTest.testGoogleSearchUsingSelenoid(WebTest.java:22)
Caused by: java.io.UncheckedIOException: java.net.ConnectException: Connection refused: localhost/0:0:0:0:0:0:0:1:4444
	at Tests.WebTest.testGoogleSearchUsingSelenoid(WebTest.java:22)
Caused by: java.net.ConnectException: Connection refused: localhost/0:0:0:0:0:0:0:1:4444
Caused by: io.netty.channel.AbstractChannel$AnnotatedConnectException: Connection refused: localhost/0:0:0:0:0:0:0:1:4444
Caused by: java.net.ConnectException: Connection refused
]]></failure>
    <system-err><![CDATA[Aug 11, 2022 11:46:44 AM org.openqa.selenium.remote.tracing.opentelemetry.OpenTelemetryTracer createTracer
INFO: Using OpenTelemetry for tracing
SLF4J: Failed to load class "org.slf4j.impl.StaticLoggerBinder".
SLF4J: Defaulting to no-operation (NOP) logger implementation
SLF4J: See http://www.slf4j.org/codes.html#StaticLoggerBinder for further details.
ERROR StatusLogger Log4j2 could not find a logging implementation. Please add log4j-core to the classpath. Using SimpleLogger to log to the console...
Aug 11, 2022 11:46:46 AM org.openqa.selenium.remote.http.RetryRequest lambda$static$5
WARNING: Failure due to server error #1. Retrying.
Aug 11, 2022 11:46:47 AM org.openqa.selenium.remote.http.RetryRequest lambda$static$5
WARNING: Failure due to server error #2. Retrying.
Aug 11, 2022 11:46:49 AM org.openqa.selenium.remote.http.RetryRequest lambda$static$1
WARNING: Connection failure #3. Retrying.
Aug 11, 2022 11:46:53 AM org.openqa.selenium.remote.http.RetryRequest lambda$static$1
WARNING: Connection failure #4. Retrying.
Aug 11, 2022 11:46:54 AM org.openqa.selenium.remote.http.RetryRequest lambda$static$1
WARNING: Connection failure #5. Retrying.
]]></system-err>
  </testcase>
</testsuite>